<?xml version="1.0" encoding="UTF-8"?>
<!-- Generated by org.testng.reporters.JUnitReportReporter -->
<testsuite skipped="0" hostname="MANASA-PC" name="pac1.Class1" tests="1" failures="0" timestamp="12 Jun 2017 16:21:48 GMT" time="11.242" errors="0">
  <testcase name="firsdrivt" time="11.242" classname="pac1.Class1"/>
</testsuite> <!-- pac1.Class1 -->
